<?xml version="1.0" encoding="UTF-8"?>
<testng-results ignored="0" total="2" passed="2" failed="0" skipped="0">
  <reporter-output>
  </reporter-output>
  <suite started-at="2020-11-17T02:29:49Z" name="Default suite" finished-at="2020-11-17T02:29:49Z" duration-ms="155">
    <groups>
    </groups>
    <test started-at="2020-11-17T02:29:49Z" name="Default test" finished-at="2020-11-17T02:29:49Z" duration-ms="155">
      <class name="day19.clsTestNG">
        <test-method signature="printArc()[pri:0, instance:day19.clsTestNG@560348e6]" started-at="2020-11-17T02:29:49Z" name="printArc" finished-at="2020-11-17T02:29:49Z" duration-ms="36" status="PASS">
          <reporter-output>
          </reporter-output>
        </test-method> <!-- printArc -->
        <test-method signature="printArc1()[pri:0, instance:day19.clsTestNG@560348e6]" started-at="2020-11-17T02:29:49Z" name="printArc1" finished-at="2020-11-17T02:29:49Z" duration-ms="6" status="PASS">
          <reporter-output>
          </reporter-output>
        </test-method> <!-- printArc1 -->
      </class> <!-- day19.clsTestNG -->
    </test> <!-- Default test -->
  </suite> <!-- Default suite -->
</testng-results>
